Marvel Rivals Tournament Data Import
=====================================

Clearing existing tournament data...
✓ Existing data cleared

Starting tournament import...

✗ Error during import: SQLSTATE[HY000]: General error: 1364 Field 'region' doesn't have a default value (Connection: mysql, SQL: insert into `players` (`username`, `real_name`, `team_id`, `role`, `main_hero`, `country`, `country_flag`, `social_media`, `rating`, `age`, `status`, `updated_at`, `created_at`) values (Mango, Joseph Marquez, 1, duelist, spider-man, United States, 🇺🇸, {"twitter":"https:\/\/twitter.com\/c9mango","twitch":"https:\/\/twitch.tv\/mango"}, 1023, 21, active, 2025-07-27 07:13:52, 2025-07-27 07:13:52))
#0 /var/www/mrvl-backend/vendor/laravel/framework/src/Illuminate/Database/Connection.php(779): Illuminate\Database\Connection->runQueryCallback('insert into `pl...', Array, Object(Closure))
#1 /var/www/mrvl-backend/vendor/laravel/framework/src/Illuminate/Database/MySqlConnection.php(42): Illuminate\Database\Connection->run('insert into `pl...', Array, Object(Closure))
#2 /var/www/mrvl-backend/vendor/laravel/framework/src/Illuminate/Database/Query/Processors/MySqlProcessor.php(35): Illuminate\Database\MySqlConnection->insert('insert into `pl...', Array, 'id')
#3 /var/www/mrvl-backend/vendor/laravel/framework/src/Illuminate/Database/Query/Builder.php(3766): Illuminate\Database\Query\Processors\MySqlProcessor->processInsertGetId(Object(Illuminate\Database\Query\Builder), 'insert into `pl...', Array, 'id')
#4 /var/www/mrvl-backend/vendor/laravel/framework/src/Illuminate/Database/Eloquent/Builder.php(2120): Illuminate\Database\Query\Builder->insertGetId(Array, 'id')
#5 /var/www/mrvl-backend/vendor/laravel/framework/src/Illuminate/Database/Eloquent/Model.php(1359): Illuminate\Database\Eloquent\Builder->__call('insertGetId', Array)
#6 /var/www/mrvl-backend/vendor/laravel/framework/src/Illuminate/Database/Eloquent/Model.php(1324): Illuminate\Database\Eloquent\Model->insertAndSetId(Object(Illuminate\Database\Eloquent\Builder), Array)
#7 /var/www/mrvl-backend/vendor/laravel/framework/src/Illuminate/Database/Eloquent/Model.php(1163): Illuminate\Database\Eloquent\Model->performInsert(Object(Illuminate\Database\Eloquent\Builder))
#8 /var/www/mrvl-backend/vendor/laravel/framework/src/Illuminate/Database/Eloquent/Builder.php(1128): Illuminate\Database\Eloquent\Model->save()
#9 /var/www/mrvl-backend/vendor/laravel/framework/src/Illuminate/Support/helpers.php(399): Illuminate\Database\Eloquent\Builder->Illuminate\Database\Eloquent\{closure}(Object(App\Models\Player))
#10 /var/www/mrvl-backend/vendor/laravel/framework/src/Illuminate/Database/Eloquent/Builder.php(1127): tap(Object(App\Models\Player), Object(Closure))
#11 /var/www/mrvl-backend/vendor/laravel/framework/src/Illuminate/Database/Eloquent/Builder.php(634): Illuminate\Database\Eloquent\Builder->create(Array)
#12 /var/www/mrvl-backend/vendor/laravel/framework/src/Illuminate/Database/Concerns/ManagesTransactions.php(32): Illuminate\Database\Eloquent\Builder->Illuminate\Database\Eloquent\{closure}(Object(Illuminate\Database\MySqlConnection))
#13 /var/www/mrvl-backend/vendor/laravel/framework/src/Illuminate/Database/Eloquent/Builder.php(1863): Illuminate\Database\Connection->transaction(Object(Closure))
#14 /var/www/mrvl-backend/vendor/laravel/framework/src/Illuminate/Database/Eloquent/Builder.php(634): Illuminate\Database\Eloquent\Builder->withSavepointIfNeeded(Object(Closure))
#15 /var/www/mrvl-backend/vendor/laravel/framework/src/Illuminate/Database/Eloquent/Builder.php(621): Illuminate\Database\Eloquent\Builder->createOrFirst(Array, Array)
#16 /var/www/mrvl-backend/vendor/laravel/framework/src/Illuminate/Database/Eloquent/Builder.php(649): Illuminate\Database\Eloquent\Builder->firstOrCreate(Array, Array)
#17 /var/www/mrvl-backend/vendor/laravel/framework/src/Illuminate/Support/Traits/ForwardsCalls.php(23): Illuminate\Database\Eloquent\Builder->updateOrCreate(Array, Array)
#18 /var/www/mrvl-backend/vendor/laravel/framework/src/Illuminate/Database/Eloquent/Model.php(2372): Illuminate\Database\Eloquent\Model->forwardCallTo(Object(Illuminate\Database\Eloquent\Builder), 'updateOrCreate', Array)
#19 /var/www/mrvl-backend/vendor/laravel/framework/src/Illuminate/Database/Eloquent/Model.php(2384): Illuminate\Database\Eloquent\Model->__call('updateOrCreate', Array)
#20 /var/www/mrvl-backend/app/Services/SimpleLiquipediaScraper.php(367): Illuminate\Database\Eloquent\Model::__callStatic('updateOrCreate', Array)
#21 /var/www/mrvl-backend/app/Services/SimpleLiquipediaScraper.php(297): App\Services\SimpleLiquipediaScraper->importPlayers(Object(App\Models\Team), Array)
#22 /var/www/mrvl-backend/app/Services/SimpleLiquipediaScraper.php(239): App\Services\SimpleLiquipediaScraper->importTournament('north_america_i...', Array)
#23 /var/www/mrvl-backend/import_tournaments.php(43): App\Services\SimpleLiquipediaScraper->importAllTournaments()
#24 {main}
