
   INFO  Server running on [http://0.0.0.0:8000].  

  Press Ctrl+C to stop the server

  2025-08-07 03:31:42 /api/teams ................................. ~ 500.52ms
  2025-08-07 03:31:47 /api/simple/teams ............................ ~ 0.20ms
  2025-08-07 03:31:47 /api/simple/players .......................... ~ 0.05ms
  2025-08-07 03:31:47 /api/simple/matches .......................... ~ 0.06ms
  2025-08-07 03:31:47 /api/simple/teams ............................ ~ 0.06ms
  2025-08-07 03:31:47 /api/simple/teams ............................ ~ 0.04ms
  2025-08-07 03:31:47 /api/simple/players .......................... ~ 0.03ms
  2025-08-07 03:31:47 /api/simple/teams ............................ ~ 0.04ms
  2025-08-07 03:31:47 /api/simple/players .......................... ~ 0.04ms
  2025-08-07 03:31:47 /api/simple/teams ............................ ~ 0.04ms
  2025-08-07 03:31:47 /api/simple/teams/99999 ...................... ~ 0.05ms
  2025-08-07 03:31:47 /api/simple/teams/1 .......................... ~ 0.06ms
  2025-08-07 03:31:47 /api/simple/players ........................ ~ 500.60ms
  2025-08-07 03:31:52 /api/teams ................................... ~ 0.20ms
  2025-08-07 03:32:13 /api/players ............................... ~ 501.32ms
  2025-08-07 03:32:29 /api/teams/57 ................................ ~ 2.82ms
  2025-08-07 03:32:57 /api/teams/57 ................................ ~ 5.96ms
  2025-08-07 03:34:24 /api/teams ................................... ~ 6.69ms
  2025-08-07 03:34:24 /api/players ................................. ~ 0.05ms
  2025-08-07 03:34:25 /api/admin/teams ............................. ~ 0.03ms
  2025-08-07 03:34:25 /api/admin/players ........................... ~ 0.23ms
  2025-08-07 03:34:25 /api/teams ................................... ~ 0.06ms
  2025-08-07 03:34:25 /api/admin/teams/57 .......................... ~ 0.08ms
  2025-08-07 03:34:25 /api/players ................................. ~ 0.07ms
  2025-08-07 03:34:25 /api/admin/players/768 ....................... ~ 0.05ms
  2025-08-07 03:52:30 /api/matches/6 ............................. ~ 502.58ms
  2025-08-07 03:52:30 /api/admin/matches/6/live-scoring ............ ~ 0.07ms
  2025-08-07 03:52:30 /api/matches/6 ............................... ~ 0.05ms
  2025-08-07 03:52:30 /api/admin/matches/6/live-scoring ............ ~ 0.03ms
  2025-08-07 03:52:30 /api/matches/6 ............................... ~ 0.03ms
  2025-08-07 03:52:30 /api/admin/matches/6/live-scoring ............ ~ 0.03ms
  2025-08-07 03:52:31 /api/matches/6 ............................... ~ 0.03ms
  2025-08-07 03:52:31 /api/admin/matches/6/live-scoring .......... ~ 500.87ms
  2025-08-07 03:52:31 /api/matches/6 ............................... ~ 0.04ms
  2025-08-07 03:52:31 /api/admin/matches/6/live-scoring ............ ~ 0.04ms
  2025-08-07 03:52:31 /api/admin/matches/6/live-scoring ............ ~ 0.03ms
  2025-08-07 03:52:31 /api/admin/matches/6/live-scoring ............ ~ 0.03ms
  2025-08-07 03:52:31 /api/admin/matches/6/live-scoring ............ ~ 0.03ms
  2025-08-07 03:52:31 /api/admin/matches/6/live-scoring ............ ~ 0.03ms
  2025-08-07 03:52:31 /api/matches/6 ............................. ~ 500.75ms
  2025-08-07 03:52:31 /api/admin/matches/99999/live-scoring ........ ~ 0.07ms
  2025-08-07 03:52:31 /api/admin/matches/6/live-scoring ............ ~ 0.07ms
  2025-08-07 03:53:17 /api/matches/6 ............................... ~ 0.23ms
  2025-08-07 03:53:21 /api/matches/6 ............................... ~ 0.17ms
  2025-08-07 03:53:42 /api/admin/matches/6/live-scoring ............ ~ 0.38ms
  2025-08-07 04:22:32 / .......................................... ~ 504.51ms
  2025-08-07 04:22:53 /favicon.ico ................................. ~ 0.79ms
  2025-08-07 04:22:56 / .......................................... ~ 500.99ms
  65.49.1.130:31433 [404]: CONNECT www.shadowserver.org:443
  2025-08-07 04:22:59 .............................................. ~ 0.72ms
  2025-08-07 04:53:33 / ............................................ ~ 1.12ms
  2025-08-07 08:36:25 / .......................................... ~ 512.61ms
  176.65.149.182:53558 [404]: CONNECT ipv4-internet.yandex.net:443
  2025-08-07 09:33:08 ............................................ ~ 505.41ms
  2025-08-07 10:06:07 / ................................................ ~ 2s
  2025-08-07 10:06:13 /favicon.ico ............................... ~ 500.79ms
  206.168.34.73:37052 [501]: NOTIMPLEMENTED * - No such file or directory
  2025-08-07 10:06:17 ............................................ ~ 500.90ms
  206.168.34.73:45978 Invalid request (Malformed HTTP request)
  2025-08-07 10:09:42 .................................................. ~ 1s
  206.168.34.73:58680 Invalid request (Unsupported SSL request)
  2025-08-07 10:10:06 .................................................. ~ 1s
  2025-08-07 10:10:12 /robots.txt ...................................... ~ 3s
  142.93.111.39:58210 Invalid request (Unsupported SSL request)
  2025-08-07 12:05:45 ............................................. ~ 13.07ms
  142.93.111.39:58224 Invalid request (Unsupported SSL request)
  2025-08-07 12:05:45 .............................................. ~ 0.92ms
  2025-08-07 12:05:46 / .......................................... ~ 500.80ms
  2025-08-07 12:05:46 /login ....................................... ~ 0.20ms
  98.81.126.241:35448 Invalid request (Unsupported SSL request)
  2025-08-07 12:32:15 .............................................. ~ 2.21ms
  2025-08-07 12:35:01 /api/v2/heartbeat .......................... ~ 505.90ms
  2025-08-07 12:35:02 / .......................................... ~ 529.20ms
  176.65.148.86:49166 Invalid request (Unexpected EOF)
  2025-08-07 12:40:09 .................................................. ~ 2s
  2025-08-07 14:05:56 / ............................................ ~ 4.81ms
  2025-08-07 14:16:27 / .......................................... ~ 501.78ms
  2025-08-07 14:17:25 ................................................. ~ 10s
  2025-08-07 14:18:07 / ............................................ ~ 1.18ms
  3.130.96.91:51058 Invalid request (Unsupported SSL request)
  2025-08-07 14:19:59 .............................................. ~ 2.36ms
  3.130.96.91:40272 Invalid request (Unexpected EOF)
  2025-08-07 14:21:37 ................................................. ~ 10s
  3.130.96.91:55164 Invalid request (Unsupported SSL request)
  2025-08-07 14:24:43 .............................................. ~ 5.10ms
  128.203.204.32:46488 Invalid request (Unexpected EOF)
  2025-08-07 14:45:12 ................................................. ~ 10s
  104.234.115.161:46262 Invalid request (Unsupported SSL request)
  2025-08-07 18:30:58 ............................................ ~ 536.29ms
  2025-08-07 18:31:16 / ............................................ ~ 0.22ms
  104.234.115.161:48020 Invalid request (Unsupported SSL request)
  2025-08-07 18:34:14 .............................................. ~ 0.55ms
  2025-08-07 18:34:20 /favicon.ico ............................... ~ 500.75ms
  35.226.27.221:43410 Invalid request (Unsupported SSL request)
  2025-08-07 19:39:25 ............................................ ~ 504.31ms
  2025-08-07 19:39:27 / ................................................ ~ 2s
  34.136.232.55:43004 Invalid request (Unsupported SSL request)
  2025-08-07 19:55:51 .............................................. ~ 4.84ms
  2025-08-07 19:55:53 / ............................................ ~ 0.22ms
  88.214.25.125:65531 Invalid request (Malformed HTTP request)
  2025-08-07 21:05:12 .............................................. ~ 3.34ms
  2025-08-07 21:43:31 / ............................................ ~ 1.00ms
  2025-08-07 21:48:57 / ............................................ ~ 0.24ms
  2025-08-08 01:04:17 .................................................. ~ 1s
  2025-08-08 01:04:18 .................................................. ~ 1s
  2025-08-08 01:04:20 .................................................. ~ 2s
  206.168.34.114:52282 Invalid request (Unsupported SSL request)
  2025-08-08 01:04:34 ............................................ ~ 500.90ms
  2025-08-08 01:49:24 ................................................. ~ 11s
  2025-08-08 01:49:35 / .......................................... ~ 500.91ms
  202.109.241.6:42438 Invalid request (Malformed HTTP request)
  2025-08-08 01:49:36 .............................................. ~ 0.38ms
  2025-08-08 01:49:38 /bad ip,/Trinity.php.bakup ................... ~ 0.51ms
  202.109.241.6:43108 Invalid request (Malformed HTTP request)
  2025-08-08 01:49:39 .............................................. ~ 0.26ms
  202.109.241.6:43166 Invalid request (Malformed HTTP request)
  2025-08-08 01:49:40 .............................................. ~ 0.29ms
  202.109.241.6:43202 Invalid request (Unsupported SSL request)
  2025-08-08 01:49:41 .............................................. ~ 0.39ms
  202.109.241.6:43352 Invalid request (Unsupported SSL request)
  2025-08-08 01:49:42 .............................................. ~ 0.07ms
  2025-08-08 01:49:54 / ............................................ ~ 0.48ms
  2025-08-08 01:49:54 ................................................. ~ 10s
  202.109.241.6:47690 Invalid request (Unsupported SSL request)
  2025-08-08 01:50:04 .............................................. ~ 0.28ms
  202.109.241.6:48258 Invalid request (Unsupported SSL request)
  2025-08-08 01:50:06 ............................................ ~ 500.73ms
  2025-08-08 02:08:58 ............................................ ~ 503.80ms
  27.159.75.50:34124 Invalid request (Unsupported SSL request)
  2025-08-08 02:08:58 .............................................. ~ 0.19ms
  27.159.75.49:25769 Invalid request (Unsupported SSL request)
  2025-08-08 02:09:48 .............................................. ~ 0.26ms
  2025-08-08 02:09:49 / ............................................ ~ 0.20ms
  2025-08-08 02:10:09 .............................................. ~ 0.25ms
  2025-08-08 02:10:41 ................................................. ~ 11s
  2025-08-08 02:10:52 / ............................................ ~ 0.06ms
  45.33.28.47:40788 Invalid request (Malformed HTTP request)
  2025-08-08 02:10:52 .............................................. ~ 0.10ms
  2025-08-08 02:10:52 /nice ports,/Trinity.txt.bak ............... ~ 500.87ms
  45.33.28.47:40816 Invalid request (Malformed HTTP request)
  2025-08-08 02:10:53 .............................................. ~ 0.36ms
  45.33.28.47:40818 Invalid request (Malformed HTTP request)
  2025-08-08 02:10:53 .............................................. ~ 0.07ms
  2025-08-08 02:10:53 / ............................................ ~ 0.04ms
  45.33.28.47:40826 Invalid request (Malformed HTTP request)
  2025-08-08 02:10:53 .............................................. ~ 0.05ms
  45.33.28.47:40838 Invalid request (Unsupported SSL request)
  2025-08-08 02:10:53 .............................................. ~ 0.07ms
  45.33.28.47:40852 Invalid request (Malformed HTTP request)
  2025-08-08 02:10:53 .............................................. ~ 0.05ms
  45.33.28.47:40856 Invalid request (Unexpected EOF)
  2025-08-08 02:10:53 .................................................. ~ 7s
  45.33.28.47:43336 Invalid request (Unsupported SSL request)
  2025-08-08 02:11:01 .............................................. ~ 0.12ms
  45.33.28.47:43346 Invalid request (Unsupported SSL request)
  2025-08-08 02:11:01 .............................................. ~ 0.07ms
  45.33.28.47:43350 Invalid request (Malformed HTTP request)
  2025-08-08 02:11:01 .............................................. ~ 0.06ms
  45.33.28.47:43352 Invalid request (Malformed HTTP request)
  2025-08-08 02:11:01 .............................................. ~ 0.06ms
  45.33.28.47:43380 Invalid request (Malformed HTTP request)
  2025-08-08 02:11:01 .............................................. ~ 0.10ms
  45.33.28.47:43382 Invalid request (Malformed HTTP request)
  2025-08-08 02:11:01 .............................................. ~ 0.06ms
  2025-08-08 02:12:10 / ............................................ ~ 2.01ms
  2025-08-08 02:12:10 /favicon.ico ................................. ~ 0.23ms
  2025-08-08 02:12:10 ................................................. ~ 10s
  45.33.28.47:55160 Invalid request (Unsupported SSL request)
  2025-08-08 02:12:20 .............................................. ~ 0.13ms
  45.33.28.47:50368 Invalid request (Unsupported SSL request)
  2025-08-08 02:12:24 .............................................. ~ 4.12ms
  45.33.28.47:50376 Invalid request (Unsupported SSL request)
  2025-08-08 02:12:24 .............................................. ~ 0.13ms
  2025-08-08 02:12:24 /webui ....................................... ~ 0.32ms
  2025-08-08 02:12:24 / ............................................ ~ 0.08ms
  2025-08-08 02:12:25 / ............................................ ~ 0.38ms
  2025-08-08 02:12:25 /owa/ ...................................... ~ 500.90ms
  2025-08-08 02:12:25 /owa/ ........................................ ~ 0.06ms
  2025-08-08 02:12:31 / ............................................ ~ 0.28ms
  27.159.75.49:31622 Invalid request (Unsupported SSL request)
  2025-08-08 02:13:47 .............................................. ~ 0.79ms
  2025-08-08 02:13:47 / ............................................ ~ 0.18ms
  2025-08-08 04:07:52 /api/public/teams .......................... ~ 504.73ms
  2025-08-08 04:07:53 /api/public/events ........................... ~ 0.06ms
  2025-08-08 04:07:53 /api/create-match-direct ..................... ~ 0.04ms
  2025-08-08 04:07:53 /api/admin/matches ........................... ~ 0.04ms
  2025-08-08 04:07:53 /api/public/matches .......................... ~ 0.13ms
  2025-08-08 04:07:53 /api/create-match-direct ..................... ~ 0.06ms
  2025-08-08 04:08:26 /api/auth/register ........................... ~ 0.88ms
  2025-08-08 04:08:26 /api/auth/login .............................. ~ 0.05ms
  2025-08-08 04:08:59 /api/auth/register ......................... ~ 503.07ms
  2025-08-08 04:08:59 /api/auth/login .............................. ~ 0.04ms
  2025-08-08 04:09:53 /api/public/teams .......................... ~ 501.53ms
  2025-08-08 04:09:53 /api/public/events ........................... ~ 0.06ms
  2025-08-08 04:09:53 /api/public/matches .......................... ~ 0.03ms
  2025-08-08 04:09:53 /api/public/events/1/bracket ................. ~ 0.03ms
  2025-08-08 04:09:53 /api/public/matches/1 ........................ ~ 0.04ms
  2025-08-08 04:09:54 /api/create-match-direct ..................... ~ 0.03ms
  2025-08-08 04:09:54 /api/create-match-direct ..................... ~ 0.04ms
  2025-08-08 04:09:54 /api/create-match-direct ..................... ~ 0.04ms
  2025-08-08 04:09:54 /api/create-match-direct ..................... ~ 0.03ms
  2025-08-08 04:10:36 /api/public/events/1/bracket ................. ~ 0.74ms
  2025-08-08 04:11:57 /api/public/events/1/bracket ................. ~ 1.10ms
  2025-08-08 04:12:11 /api/public/teams ............................ ~ 0.19ms
  2025-08-08 04:12:11 /api/public/events ........................... ~ 0.04ms
  2025-08-08 04:12:11 /api/public/matches .......................... ~ 0.04ms
  2025-08-08 04:12:11 /api/public/events/1/bracket ................. ~ 0.05ms
  2025-08-08 04:12:11 /api/public/matches/1 ...................... ~ 501.40ms
  2025-08-08 04:12:12 /api/create-match-direct ..................... ~ 0.05ms
  2025-08-08 04:12:12 /api/create-match-direct ..................... ~ 0.03ms
  2025-08-08 04:12:12 /api/create-match-direct ..................... ~ 0.10ms
  2025-08-08 04:12:12 /api/create-match-direct ..................... ~ 0.03ms
  2025-08-08 04:12:38 /api/public/matches .......................... ~ 1.03ms
  2025-08-08 04:12:43 /api/public/teams ............................ ~ 0.24ms
  2025-08-08 04:12:43 /api/public/events ........................... ~ 0.12ms
  2025-08-08 04:12:44 /api/public/matches ........................ ~ 502.32ms
  2025-08-08 04:12:44 /api/public/events/1/bracket ................. ~ 0.07ms
  2025-08-08 04:12:44 /api/public/matches/1 ........................ ~ 0.04ms
  2025-08-08 04:12:44 /api/create-match-direct ..................... ~ 0.04ms
  2025-08-08 04:12:44 /api/create-match-direct ..................... ~ 0.04ms
  2025-08-08 04:12:44 /api/create-match-direct ..................... ~ 0.04ms
  2025-08-08 04:12:44 /api/create-match-direct ..................... ~ 0.04ms
  2025-08-08 04:15:08 /api/public/teams ............................ ~ 0.92ms
  2025-08-08 04:15:08 /api/create-match-direct ..................... ~ 0.04ms
  2025-08-08 04:15:08 /api/create-match-direct ..................... ~ 0.03ms
  2025-08-08 04:15:08 /api/create-match-direct ..................... ~ 0.03ms
  2025-08-08 04:15:08 /api/create-match-direct ..................... ~ 0.02ms
  2025-08-08 04:16:02 /api/public/teams .......................... ~ 501.27ms
  2025-08-08 04:16:08 /api/public/matches .......................... ~ 0.16ms
  2025-08-08 04:16:21 /api/auth/register ........................... ~ 0.17ms
  2025-08-08 04:16:21 /api/auth/login ............................ ~ 501.44ms
  2025-08-08 04:16:26 /api/auth/login ............................ ~ 500.71ms
  2025-08-08 04:16:45 /api/auth/login ............................ ~ 501.36ms
  2025-08-08 04:16:58 /api/auth/login ............................ ~ 501.23ms
  2025-08-08 04:17:10 /api/auth/login ............................ ~ 500.85ms
  2025-08-08 04:17:56 /api/public/teams .......................... ~ 509.90ms
  2025-08-08 04:17:56 /api/public/events ........................... ~ 5.03ms
  2025-08-08 04:17:56 /api/public/matches .......................... ~ 0.07ms
  2025-08-08 04:17:56 /api/public/events/1/bracket ................. ~ 0.06ms
  2025-08-08 04:17:56 /api/public/matches/1 ........................ ~ 0.04ms
  2025-08-08 04:17:56 /api/auth/register ............................... ~ 1s
  2025-08-08 04:17:57 /api/live-updates/1/stream ...................... ~ 59s
  2025-08-08 04:18:58 /api/public/players .......................... ~ 0.06ms
  2025-08-08 04:18:58 /api/public/players/1 ........................ ~ 0.04ms
  2025-08-08 04:18:58 /api/public/players/1/team-history ......... ~ 501.34ms
  2025-08-08 04:18:58 /api/public/players/1/matches ................ ~ 0.05ms
  2025-08-08 04:18:58 /api/public/players/1/stats .................. ~ 0.04ms
  2025-08-08 04:18:58 /api/public/teams ............................ ~ 0.04ms
  2025-08-08 04:18:58 /api/public/teams/1 .......................... ~ 0.22ms
  2025-08-08 04:18:58 /api/public/teams/1/achievements ............. ~ 0.03ms
  2025-08-08 04:18:58 /api/public/matches .......................... ~ 0.31ms
  2025-08-08 04:18:58 /api/public/players .......................... ~ 0.04ms
  2025-08-08 04:18:58 /api/public/players/1/stats .................. ~ 0.09ms
  2025-08-08 04:18:58 /api/public/players/999999/team-history ...... ~ 0.05ms
  2025-08-08 04:18:59 /api/public/teams/999999/achievements ........ ~ 0.05ms
  2025-08-08 04:18:59 /api/public/players/999999/matches ........... ~ 0.03ms
  2025-08-08 04:18:59 /api/public/players/999999 ................... ~ 0.03ms
  2025-08-08 04:18:59 /api/public/teams/999999 ..................... ~ 0.04ms
  2025-08-08 04:19:31 /api/public/players/679 ...................... ~ 0.60ms
  2025-08-08 04:19:39 /api/public/players/679/team-history ......... ~ 0.20ms
  2025-08-08 04:19:44 /api/public/players/679/matches ............ ~ 500.85ms
  2025-08-08 04:19:50 /api/public/players/679/stats ................ ~ 0.16ms
  2025-08-08 04:19:57 /api/public/teams/54 ......................... ~ 0.45ms
  2025-08-08 04:20:05 /api/public/teams/54/achievements ............ ~ 0.37ms
  2025-08-08 04:20:16 /api/public/events ........................... ~ 4.85ms
  2025-08-08 04:20:19 /api/public/events/1 ......................... ~ 0.28ms
  2025-08-08 04:20:24 /api/public/events/1/bracket ................. ~ 3.79ms
  2025-08-08 04:21:32 /api/public/events ......................... ~ 502.14ms
  2025-08-08 04:21:42 /api/matches ............................... ~ 500.70ms
  2025-08-08 04:21:42 /api/admin/matches ........................... ~ 0.04ms
  2025-08-08 04:21:52 /api/public/players/679 ...................... ~ 0.22ms
  2025-08-08 04:21:53 /api/public/players/679/team-history ......... ~ 0.05ms
  2025-08-08 04:21:53 /api/public/players/679/matches .............. ~ 0.03ms
  2025-08-08 04:21:53 /api/public/players/679/stats .............. ~ 500.90ms
  2025-08-08 04:21:53 /api/public/teams/54 ......................... ~ 0.04ms
  2025-08-08 04:21:53 /api/public/teams/54/achievements ............ ~ 0.03ms
  2025-08-08 04:21:53 /api/public/players/679 ...................... ~ 0.06ms
  2025-08-08 04:21:53 /api/public/teams/54 ......................... ~ 0.04ms
  2025-08-08 04:21:53 /api/public/players/679/matches .............. ~ 0.04ms
  2025-08-08 04:21:53 /api/public/players/679/matches ............ ~ 500.90ms
  2025-08-08 04:21:53 /api/public/players/679 ...................... ~ 0.14ms
  2025-08-08 04:21:54 /api/public/players/679/stats ................ ~ 0.04ms
  2025-08-08 04:21:54 /api/public/players/679/matches .............. ~ 0.04ms
  2025-08-08 04:21:54 /api/public/teams/54/achievements ............ ~ 0.07ms
  2025-08-08 04:21:54 /api/public/teams/54 ......................... ~ 0.05ms
  2025-08-08 04:21:54 /api/public/teams/54 ....................... ~ 503.55ms
  2025-08-08 04:22:23 /api/public/events ........................... ~ 1.08ms
  2025-08-08 04:22:43 /api/public/events ........................... ~ 0.74ms
  2025-08-08 04:22:47 /api/public/events/1 ......................... ~ 0.21ms
  2025-08-08 04:22:56 /api/admin/events ............................ ~ 0.16ms
  2025-08-08 04:23:03 /api/create-event-direct ..................... ~ 0.17ms
  2025-08-08 04:23:16 /api/create-event-direct ..................... ~ 0.19ms
  2025-08-08 04:27:13 /api/public/events ........................... ~ 1.56ms
  2025-08-08 04:27:17 /api/public/events/1 ......................... ~ 0.15ms
  2025-08-08 04:27:21 /api/public/events/1/bracket ................. ~ 0.22ms
  2025-08-08 04:27:24 /api/public/matches .......................... ~ 0.19ms
  2025-08-08 04:27:24 /api/public/players/679/matches .............. ~ 0.04ms
  2025-08-08 04:27:24 /api/public/teams/54/achievements ............ ~ 0.04ms
  2025-08-08 04:27:24 /api/public/matches .......................... ~ 0.19ms
  2025-08-08 04:27:28 /api/public/teams ............................ ~ 0.24ms
  2025-08-08 04:27:33 /api/public/matches/2 ........................ ~ 0.21ms
  2025-08-08 04:27:38 /api/public/matches/2 ........................ ~ 0.17ms
  2025-08-08 04:27:43 /api/public/matches/2 ........................ ~ 0.25ms
  2025-08-08 04:31:28 /api/public/matches .......................... ~ 0.94ms
  2025-08-08 04:31:28 /api/public/players/679/matches .............. ~ 0.05ms
  2025-08-08 04:31:28 /api/public/teams/54/achievements ............ ~ 0.03ms
  2025-08-08 04:32:42 /api/public/matches .......................... ~ 0.83ms
  2025-08-08 04:32:42 /api/public/players/679/matches .............. ~ 0.18ms
  2025-08-08 04:32:42 /api/public/teams/54/achievements ............ ~ 0.03ms
  2025-08-08 04:36:30 /api/public/matches ........................ ~ 501.41ms
  2025-08-08 04:36:30 /api/public/players/679/matches .............. ~ 0.05ms
  2025-08-08 04:36:30 /api/public/teams/54/achievements ............ ~ 0.05ms
  2025-08-08 07:20:59 / .......................................... ~ 512.20ms
  2025-08-08 07:21:20 /favicon.ico ................................. ~ 0.69ms
  2025-08-08 07:21:24 / ............................................ ~ 0.21ms
  184.105.247.254:42823 [404]: CONNECT www.shadowserver.org:443
  2025-08-08 07:21:31 .............................................. ~ 1.59ms
  2025-08-08 08:39:36 / ............................................ ~ 3.74ms
  54.204.80.226:48568 Invalid request (Unsupported SSL request)
  2025-08-08 08:49:24 .............................................. ~ 1.24ms
  134.209.198.160:43252 Invalid request (Unsupported SSL request)
  2025-08-08 09:26:07 ............................................. ~ 11.84ms
  134.209.198.160:43264 Invalid request (Unsupported SSL request)
  2025-08-08 09:26:07 .............................................. ~ 0.23ms
  2025-08-08 09:26:07 / .......................................... ~ 500.75ms
  2025-08-08 09:26:08 /login ....................................... ~ 0.22ms
  135.237.126.18:59294 Invalid request (Unsupported SSL request)
  2025-08-08 10:54:18 .............................................. ~ 7.11ms
  135.237.126.18:59296 Invalid request (Unexpected EOF)
  2025-08-08 10:54:18 ................................................. ~ 10s
  2025-08-08 10:54:36 / ................................................ ~ 1s
  2025-08-08 10:54:37 /favicon.ico ..................................... ~ 1s
  206.168.34.74:44472 [501]: NOTIMPLEMENTED * - No such file or directory
  206.168.34.74:44472 [501]: NOTIMPLEMENTED * - No such file or directory
  2025-08-08 10:54:40 ............................................ ~ 501.15ms
  206.168.34.74:49840 Invalid request (Malformed HTTP request)
  2025-08-08 10:55:46 .............................................. ~ 1.94ms
  206.168.34.74:57600 Invalid request (Unsupported SSL request)
  2025-08-08 10:55:51 .................................................. ~ 1s
  2025-08-08 10:55:53 /login ........................................... ~ 3s
  2025-08-08 11:22:33 /api/client/update ........................... ~ 3.39ms
  71.6.134.231:42052 Invalid request (Unsupported SSL request)
  2025-08-08 11:42:57 .............................................. ~ 1.27ms
  2025-08-08 11:50:32 / ............................................ ~ 0.89ms
  2025-08-08 11:52:03 ................................................. ~ 10s
  2025-08-08 11:54:10 / ............................................ ~ 0.19ms
  3.134.148.59:60828 Invalid request (Unsupported SSL request)
  2025-08-08 11:55:31 .............................................. ~ 0.56ms
  3.134.148.59:54908 Invalid request (Unexpected EOF)
  2025-08-08 11:57:18 ................................................. ~ 10s
  2025-08-08 11:58:34 / ............................................ ~ 0.61ms
  3.134.148.59:60558 Invalid request (Unsupported SSL request)
  2025-08-08 11:58:52 .............................................. ~ 0.49ms
  2025-08-08 11:59:04 /favicon.ico ................................. ~ 0.52ms
  2025-08-08 12:36:39 /api/auth/login ............................ ~ 501.48ms
  2025-08-08 12:38:08 /api/auth/login ............................ ~ 501.87ms
  2025-08-08 12:38:20 /api/auth/login ............................ ~ 500.70ms
  2025-08-08 12:38:52 /api/auth/login ............................ ~ 500.69ms
  2025-08-08 12:39:58 /api/admin/stats ............................. ~ 1.23ms
  2025-08-08 12:44:09 /api/search/users ............................ ~ 0.87ms
  2025-08-08 12:47:36 /api/search/users ............................ ~ 1.11ms
  2025-08-08 12:47:36 /api/search/users ............................ ~ 0.05ms
  2025-08-08 12:47:36 /api/search/teams ............................ ~ 0.03ms
  2025-08-08 12:47:36 /api/search/players .......................... ~ 0.05ms
  2025-08-08 12:47:42 /api/public/search/users ..................... ~ 0.20ms
  2025-08-08 12:48:11 /api/public/search/teams ..................... ~ 0.36ms
  2025-08-08 12:48:15 /api/public/search/players ................... ~ 0.33ms
  45.142.193.123:16633 Invalid request (Malformed HTTP request)
  2025-08-08 13:02:53 .................................................. ~ 2s
